
> next-themes@0.2.0 build /Users/pruge/Documents/github/next-themes/packages/next-themes
> tsup src

CLI Building entry: src/index.tsx, src/types.ts
CLI Using tsconfig: tsconfig.json
CLI tsup v7.2.0
CLI Using tsup config: /Users/pruge/Documents/github/next-themes/packages/next-themes/tsup.config.js
CLI Target: esnext
ESM Build start
CJS Build start
ESM dist/types.mjs 0 B
ESM dist/index.mjs 3.48 KB
ESM ⚡️ Build success in 9ms
CJS dist/index.js 4.23 KB
CJS dist/types.js 397.00 B
CJS ⚡️ Build success in 9ms
DTS Build start
DTS ⚡️ Build success in 891ms
DTS dist/index.d.mts 234.00 B
DTS dist/types.d.mts 2.16 KB
DTS dist/index.d.ts  233.00 B
DTS dist/types.d.ts  2.16 KB
